make: Циклическая зависимость /home/darklord4822/j608_kernel/arch/arm/mach-mt6592/fly_j608_l/dct/dct/inc/cust_gpio_boot.h <- /home/darklord4822/j608_kernel/arch/arm/mach-mt6592/fly_j608_l/dct/dct/inc/cust_gpio_boot.h пропущена.
make: Циклическая зависимость /home/darklord4822/j608_kernel/arch/arm/mach-mt6592/fly_j608_l/dct/dct/inc/cust_gpio_usage.h <- /home/darklord4822/j608_kernel/arch/arm/mach-mt6592/fly_j608_l/dct/dct/inc/cust_gpio_usage.h пропущена.
make: Циклическая зависимость /home/darklord4822/j608_kernel/arch/arm/mach-mt6592/fly_j608_l/dct/dct/inc/cust_kpd.h <- /home/darklord4822/j608_kernel/arch/arm/mach-mt6592/fly_j608_l/dct/dct/inc/cust_kpd.h пропущена.
make: Циклическая зависимость /home/darklord4822/j608_kernel/arch/arm/mach-mt6592/fly_j608_l/dct/dct/inc/cust_eint.h <- /home/darklord4822/j608_kernel/arch/arm/mach-mt6592/fly_j608_l/dct/dct/inc/cust_eint.h пропущена.
make: Циклическая зависимость /home/darklord4822/j608_kernel/arch/arm/mach-mt6592/fly_j608_l/dct/dct/inc/cust_adc.h <- /home/darklord4822/j608_kernel/arch/arm/mach-mt6592/fly_j608_l/dct/dct/inc/cust_adc.h пропущена.
make: Циклическая зависимость /home/darklord4822/j608_kernel/arch/arm/mach-mt6592/fly_j608_l/dct/dct/inc/pmic_drv.h <- /home/darklord4822/j608_kernel/arch/arm/mach-mt6592/fly_j608_l/dct/dct/inc/pmic_drv.h пропущена.
make: Циклическая зависимость /home/darklord4822/j608_kernel/arch/arm/mach-mt6592/fly_j608_l/dct/dct/pmic_drv.c <- /home/darklord4822/j608_kernel/arch/arm/mach-mt6592/fly_j608_l/dct/dct/pmic_drv.c пропущена.
make: Циклическая зависимость /home/darklord4822/j608_kernel/arch/arm/mach-mt6592/fly_j608_l/dct/dct/inc/cust_eint_md1.h <- /home/darklord4822/j608_kernel/arch/arm/mach-mt6592/fly_j608_l/dct/dct/inc/cust_eint_md1.h пропущена.
make: Циклическая зависимость /home/darklord4822/j608_kernel/arch/arm/mach-mt6592/fly_j608_l/dct/dct/inc/cust_power.h <- /home/darklord4822/j608_kernel/arch/arm/mach-mt6592/fly_j608_l/dct/dct/inc/cust_power.h пропущена.
  CHK     include/generated/uapi/linux/version.h
  CHK     include/generated/utsrelease.h
make[1]: «include/generated/mach-types.h» не требует обновления.
  CC      scripts/mod/devicetable-offsets.s
  CALL    scripts/checksyscalls.sh
  GEN     scripts/mod/devicetable-offsets.h
  HOSTCC  scripts/mod/file2alias.o
  HOSTLD  scripts/mod/modpost
  CHK     include/generated/compile.h
  CC      drivers/dev_info/dev_info.o
In file included from drivers/dev_info/dev_info.c:38:0:
include/linux/dev_info.h:55:6: warning: backslash and newline separated by space
 do{  \  
      ^
include/linux/dev_info.h:67:39: warning: backslash and newline separated by space
   devinfo_declare_new_device(dev);    \ 
                                       ^
include/linux/dev_info.h:75:6: warning: backslash and newline separated by space
 do{  \  
      ^
include/linux/dev_info.h:87:37: warning: backslash and newline separated by space
   devinfo_check_add_device(dev);    \ 
                                     ^
In file included from drivers/dev_info/dev_info.c:38:0:
include/linux/dev_info.h:41:1: warning: useless storage class specifier in empty declaration
 };
 ^
drivers/dev_info/dev_info.c:108:12: warning: function declaration isn’t a prototype [-Wstrict-prototypes]
 static int devinfo_show_device()
            ^
drivers/dev_info/dev_info.c: In function ‘devinfo_check_add_device’:
drivers/dev_info/dev_info.c:157:6: warning: unused variable ‘result’ [-Wunused-variable]
  int result = 0;
      ^
drivers/dev_info/dev_info.c: In function ‘devinfo_stats_show’:
drivers/dev_info/dev_info.c:273:9: warning: unused variable ‘type’ [-Wunused-variable]
     int type;
         ^
drivers/dev_info/dev_info.c: At top level:
drivers/dev_info/dev_info.c:52:12: warning: ‘devinfo_declare_NULL_device’ defined but not used [-Wunused-function]
 static int devinfo_declare_NULL_device( struct devinfo_struct *dev)
            ^
drivers/dev_info/dev_info.c:108:12: warning: ‘devinfo_show_device’ defined but not used [-Wunused-function]
 static int devinfo_show_device()
            ^
drivers/dev_info/dev_info.c:229:26: warning: ‘devinfo_misc_device’ defined but not used [-Wunused-variable]
 static struct miscdevice devinfo_misc_device = {
                          ^
  LD      drivers/dev_info/built-in.o
  CC      drivers/input/touchscreen/mediatek/GT915/gt9xx_driver.o
"CONFIG_TRUSTONIC_TEE_SUPPORT = "
drivers/input/touchscreen/mediatek/GT915/gt9xx_driver.c:164:0: warning: "GTP_CREATE_WR_NODE" redefined
 #define GTP_CREATE_WR_NODE  (1)//add by caozhg
 ^
In file included from drivers/input/touchscreen/mediatek/GT915/gt9xx_driver.c:69:0:
drivers/input/touchscreen/mediatek/GT915/tpd_custom_gt9xx.h:126:0: note: this is the location of the previous definition
 #define GTP_CREATE_WR_NODE    1
 ^
In file included from drivers/input/touchscreen/mediatek/GT915/gt9xx_driver.c:211:0:
include/linux/dev_info.h:55:6: warning: backslash and newline separated by space
 do{  \  
      ^
include/linux/dev_info.h:67:39: warning: backslash and newline separated by space
   devinfo_declare_new_device(dev);    \ 
                                       ^
include/linux/dev_info.h:75:6: warning: backslash and newline separated by space
 do{  \  
      ^
include/linux/dev_info.h:87:37: warning: backslash and newline separated by space
   devinfo_check_add_device(dev);    \ 
                                     ^
In file included from drivers/input/touchscreen/mediatek/GT915/gt9xx_driver.c:211:0:
include/linux/dev_info.h:41:1: warning: useless storage class specifier in empty declaration
 };
 ^
drivers/input/touchscreen/mediatek/GT915/gt9xx_driver.c: In function ‘tpd_i2c_probe’:
drivers/input/touchscreen/mediatek/GT915/gt9xx_driver.c:2017:8: warning: unused variable ‘opr_buf’ [-Wunused-variable]
     u8 opr_buf[16];//add by caozhg
        ^
drivers/input/touchscreen/mediatek/GT915/gt9xx_driver.c: At top level:
drivers/input/touchscreen/mediatek/GT915/gt9xx_driver.c:212:12: warning: ‘devinfo_first’ defined but not used [-Wunused-variable]
 static int devinfo_first=0;
            ^
  LD      drivers/input/touchscreen/mediatek/GT915/built-in.o
  LD      drivers/input/touchscreen/mediatek/built-in.o
/home/darklord4822/j608_kernel/drivers/misc/mediatek/fmradio/Makefile:13: feature_option="MT6625_FM"
/home/darklord4822/j608_kernel/drivers/misc/mediatek/fmradio/Makefile:109: MT6627_FM
/home/darklord4822/j608_kernel/drivers/misc/mediatek/fmradio/Makefile:134: core/fm_module.o core/fm_main.o core/fm_config.o core/fm_rds_parser.o core/fm_patch.o core/fm_utils.o core/fm_link.o core/fm_eint.o mt6627/pub/mt6627_fm_lib.o mt6627/pub/mt6627_fm_rds.o mt6627/pub/mt6627_fm_cmd.o mt6627/pub/mt6627_fm_config.o
  LD      drivers/input/touchscreen/built-in.o
  LD      drivers/input/built-in.o
drivers/misc/mediatek/gpu/mt6592/mali/mali
/home/darklord4822/j608_kernel/drivers/misc/mediatek/ssw/Makefile:5: "SSW_DIR=/home/darklord4822/j608_kernel/drivers/misc/mediatek/ssw/ssw_singlessw_exist=y"
  LD      drivers/built-in.o
  LINK    vmlinux
  LD      vmlinux.o
  MODPOST vmlinux.o
WARNING: modpost: Found 22 section mismatch(es).
To see full details build your kernel with:
'make CONFIG_DEBUG_SECTION_MISMATCH=y'
  GEN     .version
  CHK     include/generated/compile.h
  UPD     include/generated/compile.h
  CC      init/version.o
  LD      init/built-in.o
  KSYM    .tmp_kallsyms1.o
  KSYM    .tmp_kallsyms2.o
  LD      vmlinux
  SORTEX  vmlinux
  SYSMAP  System.map
  OBJCOPY arch/arm/boot/Image
  Kernel: arch/arm/boot/Image is ready
  XZKERN  arch/arm/boot/compressed/piggy.xzkern
  AS      arch/arm/boot/compressed/piggy.xzkern.o
  LD      arch/arm/boot/compressed/vmlinux
  OBJCOPY arch/arm/boot/zImage
  Kernel: arch/arm/boot/zImage is ready
